2024-10-08 22:17:43,721(HH:mm:ss.SSS} [main] INFO  testCases.TC_003_Login_DataDrivenTest- *********Finished The TC_003_Login_DataDrivenTest Test*********
2024-10-08 22:17:43,742(HH:mm:ss.SSS} [main] INFO  testCases.TC_003_Login_DataDrivenTest- ************Starting TC_003_Login_DataDrivenTest Test***********
2024-10-08 22:17:46,090(HH:mm:ss.SSS} [main] INFO  testCases.TC_003_Login_DataDrivenTest- *********Finished The TC_003_Login_DataDrivenTest Test*********
2024-10-08 22:20:13,713(HH:mm:ss.SSS} [main] INFO  org.testng.internal.Utils- [TestNG] Running:
  C:\Users\Admin\eclipse-workspace\OpencartAutomationFramework\master.xml

2024-10-08 22:20:18,393(HH:mm:ss.SSS} [main] INFO  testCases.TC_003_Login_DataDrivenTest- ************Starting TC_003_Login_DataDrivenTest Test***********
2024-10-08 22:20:29,471(HH:mm:ss.SSS} [main] INFO  testCases.TC_003_Login_DataDrivenTest- *********Finished The TC_003_Login_DataDrivenTest Test*********
2024-10-08 22:20:29,476(HH:mm:ss.SSS} [main] INFO  testCases.TC_003_Login_DataDrivenTest- ************Starting TC_003_Login_DataDrivenTest Test***********
2024-10-08 22:20:31,347(HH:mm:ss.SSS} [main] INFO  testCases.TC_003_Login_DataDrivenTest- *********Finished The TC_003_Login_DataDrivenTest Test*********
2024-10-08 22:20:31,358(HH:mm:ss.SSS} [main] INFO  testCases.TC_003_Login_DataDrivenTest- ************Starting TC_003_Login_DataDrivenTest Test***********
2024-10-08 22:20:42,622(HH:mm:ss.SSS} [main] INFO  testCases.TC_003_Login_DataDrivenTest- *********Finished The TC_003_Login_DataDrivenTest Test*********
2024-10-08 22:20:42,626(HH:mm:ss.SSS} [main] INFO  testCases.TC_003_Login_DataDrivenTest- ************Starting TC_003_Login_DataDrivenTest Test***********
2024-10-08 22:20:44,739(HH:mm:ss.SSS} [main] INFO  testCases.TC_003_Login_DataDrivenTest- *********Finished The TC_003_Login_DataDrivenTest Test*********
2024-10-10 04:37:38,316(HH:mm:ss.SSS} [main] INFO  org.testng.internal.Utils- [TestNG] Running:
  C:\Users\Admin\eclipse-workspace\OpencartAutomationFramework\master.xml

2024-10-10 04:37:50,447(HH:mm:ss.SSS} [main] INFO  testCases.TC_001_RegistrationTest- .........Starting TC_001.......
2024-10-10 04:37:51,137(HH:mm:ss.SSS} [main] INFO  testCases.TC_001_RegistrationTest- .......Clicked On My account link......
2024-10-10 04:37:51,540(HH:mm:ss.SSS} [main] INFO  testCases.TC_001_RegistrationTest- .....Clicked On Register link........
2024-10-10 04:37:51,678(HH:mm:ss.SSS} [main] INFO  testCases.TC_001_RegistrationTest- .........Inputed first name.......
2024-10-10 04:37:51,796(HH:mm:ss.SSS} [main] INFO  testCases.TC_001_RegistrationTest- .........Inputed second name.......
2024-10-10 04:37:51,893(HH:mm:ss.SSS} [main] INFO  testCases.TC_001_RegistrationTest- .........Inputed email name.......
2024-10-10 04:37:51,986(HH:mm:ss.SSS} [main] INFO  testCases.TC_001_RegistrationTest- .........Inputed Mobile Number.......
2024-10-10 04:37:52,187(HH:mm:ss.SSS} [main] INFO  testCases.TC_001_RegistrationTest- .........Inputing Password.......
2024-10-10 04:37:52,922(HH:mm:ss.SSS} [main] INFO  testCases.TC_001_RegistrationTest- .........Validating Expected Message.......
2024-10-10 04:37:52,972(HH:mm:ss.SSS} [main] INFO  testCases.TC_001_RegistrationTest- .........Finished TC_001.......
2024-10-10 04:37:55,271(HH:mm:ss.SSS} [main] INFO  testCases.TC_002_LoginTest- .................Test TC_002_LoginTest Starting................
2024-10-10 04:37:57,029(HH:mm:ss.SSS} [main] INFO  testCases.TC_002_LoginTest- .................Test TC_002_LoginTest Ending................
2024-10-10 04:38:00,815(HH:mm:ss.SSS} [main] INFO  testCases.TC_003_Login_DataDrivenTest- ************Starting TC_003_Login_DataDrivenTest Test***********
2024-10-10 04:38:11,911(HH:mm:ss.SSS} [main] INFO  testCases.TC_003_Login_DataDrivenTest- *********Finished The TC_003_Login_DataDrivenTest Test*********
2024-10-10 04:38:11,921(HH:mm:ss.SSS} [main] INFO  testCases.TC_003_Login_DataDrivenTest- ************Starting TC_003_Login_DataDrivenTest Test***********
2024-10-10 04:38:15,172(HH:mm:ss.SSS} [main] INFO  testCases.TC_003_Login_DataDrivenTest- *********Finished The TC_003_Login_DataDrivenTest Test*********
2024-10-10 04:38:15,188(HH:mm:ss.SSS} [main] INFO  testCases.TC_003_Login_DataDrivenTest- ************Starting TC_003_Login_DataDrivenTest Test***********
2024-10-10 04:38:26,270(HH:mm:ss.SSS} [main] INFO  testCases.TC_003_Login_DataDrivenTest- *********Finished The TC_003_Login_DataDrivenTest Test*********
2024-10-10 04:38:26,277(HH:mm:ss.SSS} [main] INFO  testCases.TC_003_Login_DataDrivenTest- ************Starting TC_003_Login_DataDrivenTest Test***********
2024-10-10 04:38:28,443(HH:mm:ss.SSS} [main] INFO  testCases.TC_003_Login_DataDrivenTest- *********Finished The TC_003_Login_DataDrivenTest Test*********
