2024-10-13 22:45:08,849(HH:mm:ss.SSS} [main] INFO  testCases.TC_003_Login_DataDrivenTest- *********Finished The TC_003_Login_DataDrivenTest Test*********
2024-10-13 22:45:08,866(HH:mm:ss.SSS} [main] INFO  testCases.TC_003_Login_DataDrivenTest- ************Starting TC_003_Login_DataDrivenTest Test***********
2024-10-13 22:45:15,634(HH:mm:ss.SSS} [main] INFO  testCases.TC_003_Login_DataDrivenTest- *********Finished The TC_003_Login_DataDrivenTest Test*********
2024-10-16 13:43:21,303(HH:mm:ss.SSS} [main] INFO  org.testng.internal.Utils- [TestNG] Running:
  C:\Users\Admin\eclipse-workspace\OpencartAutomationFramework\master.xml

2024-10-16 13:43:27,747(HH:mm:ss.SSS} [main] INFO  testCases.TC_001_RegistrationTest- .........Starting TC_001.......
2024-10-16 13:43:28,395(HH:mm:ss.SSS} [main] INFO  testCases.TC_001_RegistrationTest- .......Clicked On My account link......
2024-10-16 13:43:28,826(HH:mm:ss.SSS} [main] INFO  testCases.TC_001_RegistrationTest- .....Clicked On Register link........
2024-10-16 13:43:28,979(HH:mm:ss.SSS} [main] INFO  testCases.TC_001_RegistrationTest- .........Inputed first name.......
2024-10-16 13:43:29,116(HH:mm:ss.SSS} [main] INFO  testCases.TC_001_RegistrationTest- .........Inputed second name.......
2024-10-16 13:43:29,239(HH:mm:ss.SSS} [main] INFO  testCases.TC_001_RegistrationTest- .........Inputed email name.......
2024-10-16 13:43:29,364(HH:mm:ss.SSS} [main] INFO  testCases.TC_001_RegistrationTest- .........Inputed Mobile Number.......
2024-10-16 13:43:29,597(HH:mm:ss.SSS} [main] INFO  testCases.TC_001_RegistrationTest- .........Inputing Password.......
2024-10-16 13:43:30,379(HH:mm:ss.SSS} [main] INFO  testCases.TC_001_RegistrationTest- .........Validating Expected Message.......
2024-10-16 13:43:30,436(HH:mm:ss.SSS} [main] INFO  testCases.TC_001_RegistrationTest- .........Finished TC_001.......
2024-10-16 13:43:33,189(HH:mm:ss.SSS} [main] INFO  testCases.TC_002_LoginTest- .................Test TC_002_LoginTest Starting................
2024-10-16 13:43:35,217(HH:mm:ss.SSS} [main] INFO  testCases.TC_002_LoginTest- .................Test TC_002_LoginTest Ending................
2024-10-16 13:43:39,936(HH:mm:ss.SSS} [main] INFO  testCases.TC_003_Login_DataDrivenTest- ************Starting TC_003_Login_DataDrivenTest Test***********
2024-10-16 13:43:51,264(HH:mm:ss.SSS} [main] INFO  testCases.TC_003_Login_DataDrivenTest- *********Finished The TC_003_Login_DataDrivenTest Test*********
2024-10-16 13:43:51,273(HH:mm:ss.SSS} [main] INFO  testCases.TC_003_Login_DataDrivenTest- ************Starting TC_003_Login_DataDrivenTest Test***********
2024-10-16 13:43:53,191(HH:mm:ss.SSS} [main] INFO  testCases.TC_003_Login_DataDrivenTest- *********Finished The TC_003_Login_DataDrivenTest Test*********
2024-10-16 13:43:53,208(HH:mm:ss.SSS} [main] INFO  testCases.TC_003_Login_DataDrivenTest- ************Starting TC_003_Login_DataDrivenTest Test***********
2024-10-16 13:44:04,643(HH:mm:ss.SSS} [main] INFO  testCases.TC_003_Login_DataDrivenTest- *********Finished The TC_003_Login_DataDrivenTest Test*********
2024-10-16 13:44:04,646(HH:mm:ss.SSS} [main] INFO  testCases.TC_003_Login_DataDrivenTest- ************Starting TC_003_Login_DataDrivenTest Test***********
2024-10-16 13:44:07,309(HH:mm:ss.SSS} [main] INFO  testCases.TC_003_Login_DataDrivenTest- *********Finished The TC_003_Login_DataDrivenTest Test*********
2024-10-16 14:31:49,316(HH:mm:ss.SSS} [main] INFO  testCases.TC_001_RegistrationTest- .........Starting TC_001.......
2024-10-16 14:31:49,803(HH:mm:ss.SSS} [main] INFO  testCases.TC_001_RegistrationTest- .......Clicked On My account link......
2024-10-16 14:31:50,368(HH:mm:ss.SSS} [main] INFO  testCases.TC_001_RegistrationTest- .....Clicked On Register link........
2024-10-16 14:31:50,532(HH:mm:ss.SSS} [main] INFO  testCases.TC_001_RegistrationTest- .........Inputed first name.......
2024-10-16 14:31:50,669(HH:mm:ss.SSS} [main] INFO  testCases.TC_001_RegistrationTest- .........Inputed second name.......
2024-10-16 14:31:50,814(HH:mm:ss.SSS} [main] INFO  testCases.TC_001_RegistrationTest- .........Inputed email name.......
2024-10-16 14:31:50,949(HH:mm:ss.SSS} [main] INFO  testCases.TC_001_RegistrationTest- .........Inputed Mobile Number.......
2024-10-16 14:31:51,183(HH:mm:ss.SSS} [main] INFO  testCases.TC_001_RegistrationTest- .........Inputing Password.......
2024-10-16 14:31:51,929(HH:mm:ss.SSS} [main] INFO  testCases.TC_001_RegistrationTest- .........Validating Expected Message.......
2024-10-16 14:31:51,991(HH:mm:ss.SSS} [main] INFO  testCases.TC_001_RegistrationTest- .........Finished TC_001.......
2024-10-16 14:31:54,545(HH:mm:ss.SSS} [main] INFO  testCases.TC_002_LoginTest- .................Test TC_002_LoginTest Starting................
2024-10-16 14:31:56,460(HH:mm:ss.SSS} [main] INFO  testCases.TC_002_LoginTest- .................Test TC_002_LoginTest Ending................
2024-10-16 14:32:00,693(HH:mm:ss.SSS} [main] INFO  testCases.TC_003_Login_DataDrivenTest- ************Starting TC_003_Login_DataDrivenTest Test***********
