2024-09-22 12:48:11,352(HH:mm:ss.SSS} [main] INFO  org.testng.internal.Utils- [Utils] MethodGroupsHelper.collectMethodsByGroup() took 0 ms.
2024-09-22 12:48:11,366(HH:mm:ss.SSS} [main] INFO  org.testng.internal.Utils- [Utils] MethodGroupsHelper.sortMethods() took 2 ms.
2024-09-22 12:48:11,371(HH:mm:ss.SSS} [main] INFO  org.testng.internal.Utils- [Utils] MethodGroupsHelper.collectMethodsByGroup() took 0 ms.
2024-09-22 12:48:11,371(HH:mm:ss.SSS} [main] INFO  org.testng.internal.Utils- [Utils] MethodGroupsHelper.sortMethods() took 0 ms.
2024-09-22 12:48:11,377(HH:mm:ss.SSS} [main] INFO  org.testng.internal.Utils- [Utils] MethodGroupsHelper.collectMethodsByGroup() took 0 ms.
2024-09-22 12:48:11,378(HH:mm:ss.SSS} [main] INFO  org.testng.internal.Utils- [Utils] MethodGroupsHelper.sortMethods() took 0 ms.
2024-09-22 12:48:11,381(HH:mm:ss.SSS} [main] INFO  org.testng.internal.Utils- [Utils] MethodGroupsHelper.collectMethodsByGroup() took 0 ms.
2024-09-22 12:48:11,381(HH:mm:ss.SSS} [main] INFO  org.testng.internal.Utils- [Utils] MethodGroupsHelper.sortMethods() took 0 ms.
2024-09-22 12:48:11,397(HH:mm:ss.SSS} [main] INFO  org.testng.internal.Utils- [Utils] MethodGroupsHelper.collectMethodsByGroup() took 11 ms.
2024-09-22 12:48:11,413(HH:mm:ss.SSS} [main] INFO  org.testng.internal.Utils- [Utils] MethodGroupsHelper.sortMethods() took 15 ms.
2024-09-22 12:48:11,415(HH:mm:ss.SSS} [main] INFO  org.testng.internal.Utils- [Utils] MethodGroupsHelper.collectMethodsByGroup() took 0 ms.
2024-09-22 12:48:11,415(HH:mm:ss.SSS} [main] INFO  org.testng.internal.Utils- [Utils] MethodGroupsHelper.sortMethods() took 0 ms.
2024-09-22 12:48:11,416(HH:mm:ss.SSS} [main] INFO  org.testng.internal.Utils- [Utils] MethodGroupsHelper.collectMethodsByGroup() took 0 ms.
2024-09-22 12:48:11,416(HH:mm:ss.SSS} [main] INFO  org.testng.internal.Utils- [Utils] MethodGroupsHelper.sortMethods() took 0 ms.
2024-09-22 12:48:11,417(HH:mm:ss.SSS} [main] INFO  org.testng.internal.Utils- [Utils] MethodGroupsHelper.collectMethodsByGroup() took 0 ms.
2024-09-22 12:48:11,417(HH:mm:ss.SSS} [main] INFO  org.testng.internal.Utils- [Utils] MethodGroupsHelper.sortMethods() took 0 ms.
2024-09-22 12:48:11,420(HH:mm:ss.SSS} [main] INFO  org.testng.internal.Utils- [Utils] MethodGroupsHelper.collectMethodsByGroup() took 0 ms.
2024-09-22 12:48:11,420(HH:mm:ss.SSS} [main] INFO  org.testng.internal.Utils- [Utils] MethodGroupsHelper.sortMethods() took 0 ms.
2024-09-22 12:48:11,421(HH:mm:ss.SSS} [main] INFO  org.testng.internal.Utils- [Utils] MethodGroupsHelper.collectMethodsByGroup() took 0 ms.
2024-09-22 12:48:11,421(HH:mm:ss.SSS} [main] INFO  org.testng.internal.Utils- [Utils] MethodGroupsHelper.sortMethods() took 0 ms.
2024-09-22 12:48:11,423(HH:mm:ss.SSS} [main] INFO  org.testng.internal.Utils- [Utils] MethodGroupsHelper.collectMethodsByGroup() took 0 ms.
2024-09-22 12:48:11,423(HH:mm:ss.SSS} [main] INFO  org.testng.internal.Utils- [Utils] MethodGroupsHelper.sortMethods() took 0 ms.
2024-09-22 12:48:11,423(HH:mm:ss.SSS} [main] INFO  org.testng.internal.Utils- [Utils] MethodGroupsHelper.collectMethodsByGroup() took 0 ms.
2024-09-22 12:48:11,423(HH:mm:ss.SSS} [main] INFO  org.testng.internal.Utils- [Utils] MethodGroupsHelper.sortMethods() took 0 ms.
2024-09-22 12:48:11,425(HH:mm:ss.SSS} [main] INFO  org.testng.internal.Utils- [Utils] MethodGroupsHelper.collectMethodsByGroup() took 0 ms.
2024-09-22 12:48:11,426(HH:mm:ss.SSS} [main] INFO  org.testng.internal.Utils- [Utils] MethodGroupsHelper.sortMethods() took 0 ms.
2024-09-22 12:48:11,427(HH:mm:ss.SSS} [main] INFO  org.testng.internal.Utils- [Utils] MethodGroupsHelper.collectMethodsByGroup() took 0 ms.
2024-09-22 12:48:11,428(HH:mm:ss.SSS} [main] INFO  org.testng.internal.Utils- [Utils] MethodGroupsHelper.sortMethods() took 0 ms.
2024-09-22 12:48:11,428(HH:mm:ss.SSS} [main] INFO  org.testng.internal.Utils- [Utils] MethodGroupsHelper.collectMethodsByGroup() took 0 ms.
2024-09-22 12:48:11,428(HH:mm:ss.SSS} [main] INFO  org.testng.internal.Utils- [Utils] MethodGroupsHelper.sortMethods() took 0 ms.
2024-09-22 12:48:11,439(HH:mm:ss.SSS} [main] INFO  org.testng.internal.Utils- [TestNG] Running:
  C:\Users\Admin\AppData\Local\Temp\testng-eclipse-1846966339\testng-customsuite.xml

2024-09-22 12:48:11,466(HH:mm:ss.SSS} [main] INFO  org.testng.internal.Utils- [Utils] DynamicGraphHelper.createDynamicGraph() took 5 ms.
2024-09-22 12:48:29,880(HH:mm:ss.SSS} [main] INFO  testCases.TC_001_RegistrationTest- .........Starting TC_001.......
2024-09-22 12:48:30,019(HH:mm:ss.SSS} [main] INFO  testCases.TC_001_RegistrationTest- .......Clicked On My account link......
2024-09-22 12:48:31,289(HH:mm:ss.SSS} [main] INFO  testCases.TC_001_RegistrationTest- .....Clicked On Register link........
2024-09-22 12:48:31,438(HH:mm:ss.SSS} [main] INFO  testCases.TC_001_RegistrationTest- .........Inputed first name.......
2024-09-22 12:48:31,548(HH:mm:ss.SSS} [main] INFO  testCases.TC_001_RegistrationTest- .........Inputed second name.......
