2024-10-13 22:42:36,388(HH:mm:ss.SSS} [main] INFO  testCases.TC_001_RegistrationTest- .......Clicked On My account link......
2024-10-13 22:42:37,413(HH:mm:ss.SSS} [main] INFO  testCases.TC_001_RegistrationTest- .....Clicked On Register link........
2024-10-13 22:42:37,580(HH:mm:ss.SSS} [main] INFO  testCases.TC_001_RegistrationTest- .........Inputed first name.......
2024-10-13 22:42:37,705(HH:mm:ss.SSS} [main] INFO  testCases.TC_001_RegistrationTest- .........Inputed second name.......
2024-10-13 22:42:37,829(HH:mm:ss.SSS} [main] INFO  testCases.TC_001_RegistrationTest- .........Inputed email name.......
2024-10-13 22:42:37,929(HH:mm:ss.SSS} [main] INFO  testCases.TC_001_RegistrationTest- .........Inputed Mobile Number.......
2024-10-13 22:42:38,160(HH:mm:ss.SSS} [main] INFO  testCases.TC_001_RegistrationTest- .........Inputing Password.......
2024-10-13 22:42:38,936(HH:mm:ss.SSS} [main] INFO  testCases.TC_001_RegistrationTest- .........Validating Expected Message.......
2024-10-13 22:42:38,997(HH:mm:ss.SSS} [main] INFO  testCases.TC_001_RegistrationTest- .........Finished TC_001.......
2024-10-13 22:42:43,661(HH:mm:ss.SSS} [main] INFO  testCases.TC_002_LoginTest- .................Test TC_002_LoginTest Starting................
2024-10-13 22:42:45,446(HH:mm:ss.SSS} [main] INFO  testCases.TC_002_LoginTest- .................Test TC_002_LoginTest Ending................
2024-10-13 22:42:52,010(HH:mm:ss.SSS} [main] INFO  testCases.TC_003_Login_DataDrivenTest- ************Starting TC_003_Login_DataDrivenTest Test***********
2024-10-13 22:43:03,216(HH:mm:ss.SSS} [main] INFO  testCases.TC_003_Login_DataDrivenTest- *********Finished The TC_003_Login_DataDrivenTest Test*********
2024-10-13 22:43:03,222(HH:mm:ss.SSS} [main] INFO  testCases.TC_003_Login_DataDrivenTest- ************Starting TC_003_Login_DataDrivenTest Test***********
2024-10-13 22:43:05,615(HH:mm:ss.SSS} [main] INFO  testCases.TC_003_Login_DataDrivenTest- *********Finished The TC_003_Login_DataDrivenTest Test*********
2024-10-13 22:43:05,619(HH:mm:ss.SSS} [main] INFO  testCases.TC_003_Login_DataDrivenTest- ************Starting TC_003_Login_DataDrivenTest Test***********
2024-10-13 22:43:17,052(HH:mm:ss.SSS} [main] INFO  testCases.TC_003_Login_DataDrivenTest- *********Finished The TC_003_Login_DataDrivenTest Test*********
2024-10-13 22:43:17,056(HH:mm:ss.SSS} [main] INFO  testCases.TC_003_Login_DataDrivenTest- ************Starting TC_003_Login_DataDrivenTest Test***********
2024-10-13 22:43:20,336(HH:mm:ss.SSS} [main] INFO  testCases.TC_003_Login_DataDrivenTest- *********Finished The TC_003_Login_DataDrivenTest Test*********
2024-10-13 22:44:11,185(HH:mm:ss.SSS} [main] INFO  org.testng.internal.Utils- [TestNG] Running:
  C:\Users\Admin\eclipse-workspace\OpencartAutomationFramework\master.xml

2024-10-13 22:44:18,761(HH:mm:ss.SSS} [main] INFO  testCases.TC_001_RegistrationTest- .........Starting TC_001.......
2024-10-13 22:44:18,922(HH:mm:ss.SSS} [main] INFO  testCases.TC_001_RegistrationTest- .......Clicked On My account link......
2024-10-13 22:44:19,771(HH:mm:ss.SSS} [main] INFO  testCases.TC_001_RegistrationTest- .....Clicked On Register link........
2024-10-13 22:44:19,922(HH:mm:ss.SSS} [main] INFO  testCases.TC_001_RegistrationTest- .........Inputed first name.......
2024-10-13 22:44:20,054(HH:mm:ss.SSS} [main] INFO  testCases.TC_001_RegistrationTest- .........Inputed second name.......
2024-10-13 22:44:20,164(HH:mm:ss.SSS} [main] INFO  testCases.TC_001_RegistrationTest- .........Inputed email name.......
2024-10-13 22:44:20,272(HH:mm:ss.SSS} [main] INFO  testCases.TC_001_RegistrationTest- .........Inputed Mobile Number.......
2024-10-13 22:44:20,489(HH:mm:ss.SSS} [main] INFO  testCases.TC_001_RegistrationTest- .........Inputing Password.......
2024-10-13 22:44:21,306(HH:mm:ss.SSS} [main] INFO  testCases.TC_001_RegistrationTest- .........Validating Expected Message.......
2024-10-13 22:44:21,361(HH:mm:ss.SSS} [main] INFO  testCases.TC_001_RegistrationTest- .........Finished TC_001.......
2024-10-13 22:44:31,660(HH:mm:ss.SSS} [main] INFO  testCases.TC_002_LoginTest- .................Test TC_002_LoginTest Starting................
2024-10-13 22:44:34,149(HH:mm:ss.SSS} [main] INFO  testCases.TC_002_LoginTest- .................Test TC_002_LoginTest Ending................
2024-10-13 22:44:41,723(HH:mm:ss.SSS} [main] INFO  testCases.TC_003_Login_DataDrivenTest- ************Starting TC_003_Login_DataDrivenTest Test***********
2024-10-13 22:44:53,639(HH:mm:ss.SSS} [main] INFO  testCases.TC_003_Login_DataDrivenTest- *********Finished The TC_003_Login_DataDrivenTest Test*********
2024-10-13 22:44:53,645(HH:mm:ss.SSS} [main] INFO  testCases.TC_003_Login_DataDrivenTest- ************Starting TC_003_Login_DataDrivenTest Test***********
2024-10-13 22:44:57,268(HH:mm:ss.SSS} [main] INFO  testCases.TC_003_Login_DataDrivenTest- *********Finished The TC_003_Login_DataDrivenTest Test*********
2024-10-13 22:44:57,278(HH:mm:ss.SSS} [main] INFO  testCases.TC_003_Login_DataDrivenTest- ************Starting TC_003_Login_DataDrivenTest Test***********
