2024-09-22 12:48:31,663(HH:mm:ss.SSS} [main] INFO  testCases.TC_001_RegistrationTest- .........Inputed email name.......
2024-09-22 12:48:31,772(HH:mm:ss.SSS} [main] INFO  testCases.TC_001_RegistrationTest- .........Inputed Mobile Number.......
2024-09-22 12:48:31,959(HH:mm:ss.SSS} [main] INFO  testCases.TC_001_RegistrationTest- .........Inputing Password.......
2024-09-22 12:48:32,818(HH:mm:ss.SSS} [main] INFO  testCases.TC_001_RegistrationTest- .........Validating Expected Message.......
2024-09-22 12:48:32,867(HH:mm:ss.SSS} [main] INFO  testCases.TC_001_RegistrationTest- .........Finished TC_001.......
2024-09-22 12:48:33,162(HH:mm:ss.SSS} [main] INFO  org.testng.internal.Utils- [TestNG] Time taken by org.testng.internal.ExitCodeListener@6441c486: 0 ms
2024-09-22 12:48:33,196(HH:mm:ss.SSS} [main] INFO  org.testng.internal.Utils- [TestNG] Time taken by org.testng.reporters.SuiteHTMLReporter@369c9bb: 34 ms
2024-09-22 12:48:33,267(HH:mm:ss.SSS} [main] INFO  org.testng.internal.Utils- [TestNG] Time taken by org.testng.reporters.jq.Main@1fde4f40: 71 ms
2024-09-22 12:48:33,268(HH:mm:ss.SSS} [main] INFO  org.testng.internal.Utils- [TestNG] Time taken by org.testng.reporters.FailedReporter@49cf9028: 1 ms
2024-09-22 12:48:33,276(HH:mm:ss.SSS} [main] INFO  org.testng.internal.Utils- [TestNG] Time taken by org.testng.reporters.XMLReporter@17b64941: 8 ms
2024-09-22 12:48:33,282(HH:mm:ss.SSS} [main] INFO  org.testng.internal.Utils- [TestNG] Time taken by org.testng.reporters.EmailableReporter2@6aef4eb8: 5 ms
2024-09-22 12:48:33,288(HH:mm:ss.SSS} [main] INFO  org.testng.internal.Utils- [TestNG] Time taken by org.testng.reporters.JUnitReportReporter@4393593c: 5 ms
2024-10-06 12:42:10,785(HH:mm:ss.SSS} [main] INFO  org.testng.internal.Utils- [TestNG] Running:
  C:\Users\Admin\eclipse-workspace\OpencartAutomationFramework\master.xml

2024-10-06 12:42:52,035(HH:mm:ss.SSS} [main] INFO  testCases.TC_001_RegistrationTest- .........Starting TC_001.......
2024-10-06 12:42:52,168(HH:mm:ss.SSS} [main] INFO  testCases.TC_001_RegistrationTest- .......Clicked On My account link......
2024-10-06 12:42:53,018(HH:mm:ss.SSS} [main] INFO  testCases.TC_001_RegistrationTest- .....Clicked On Register link........
2024-10-06 12:42:53,175(HH:mm:ss.SSS} [main] INFO  testCases.TC_001_RegistrationTest- .........Inputed first name.......
2024-10-06 12:42:53,300(HH:mm:ss.SSS} [main] INFO  testCases.TC_001_RegistrationTest- .........Inputed second name.......
2024-10-06 12:42:53,413(HH:mm:ss.SSS} [main] INFO  testCases.TC_001_RegistrationTest- .........Inputed email name.......
2024-10-06 12:42:53,506(HH:mm:ss.SSS} [main] INFO  testCases.TC_001_RegistrationTest- .........Inputed Mobile Number.......
2024-10-06 12:42:53,715(HH:mm:ss.SSS} [main] INFO  testCases.TC_001_RegistrationTest- .........Inputing Password.......
2024-10-06 12:42:54,499(HH:mm:ss.SSS} [main] INFO  testCases.TC_001_RegistrationTest- .........Validating Expected Message.......
2024-10-06 12:42:54,553(HH:mm:ss.SSS} [main] INFO  testCases.TC_001_RegistrationTest- .........Finished TC_001.......
2024-10-06 13:35:13,555(HH:mm:ss.SSS} [main] INFO  org.testng.internal.Utils- [TestNG] Running:
  C:\Users\Admin\eclipse-workspace\OpencartAutomationFramework\master.xml

2024-10-06 13:37:56,948(HH:mm:ss.SSS} [main] INFO  org.testng.internal.Utils- [TestNG] Running:
  C:\Users\Admin\eclipse-workspace\OpencartAutomationFramework\master.xml

2024-10-06 13:39:02,762(HH:mm:ss.SSS} [main] INFO  org.testng.internal.Utils- [TestNG] Running:
  C:\Users\Admin\eclipse-workspace\OpencartAutomationFramework\master.xml

2024-10-06 13:55:49,414(HH:mm:ss.SSS} [main] INFO  org.testng.internal.Utils- [TestNG] Running:
  C:\Users\Admin\eclipse-workspace\OpencartAutomationFramework\master.xml

2024-10-06 13:55:54,398(HH:mm:ss.SSS} [main] INFO  testCases.TC_001_RegistrationTest- .........Starting TC_001.......
2024-10-06 13:55:54,932(HH:mm:ss.SSS} [main] INFO  testCases.TC_001_RegistrationTest- .......Clicked On My account link......
2024-10-06 13:55:55,433(HH:mm:ss.SSS} [main] INFO  testCases.TC_001_RegistrationTest- .....Clicked On Register link........
2024-10-06 13:55:55,566(HH:mm:ss.SSS} [main] INFO  testCases.TC_001_RegistrationTest- .........Inputed first name.......
2024-10-06 13:55:55,691(HH:mm:ss.SSS} [main] INFO  testCases.TC_001_RegistrationTest- .........Inputed second name.......
2024-10-06 13:55:55,789(HH:mm:ss.SSS} [main] INFO  testCases.TC_001_RegistrationTest- .........Inputed email name.......
2024-10-06 13:55:55,900(HH:mm:ss.SSS} [main] INFO  testCases.TC_001_RegistrationTest- .........Inputed Mobile Number.......
2024-10-06 13:55:56,127(HH:mm:ss.SSS} [main] INFO  testCases.TC_001_RegistrationTest- .........Inputing Password.......
2024-10-06 13:55:56,821(HH:mm:ss.SSS} [main] INFO  testCases.TC_001_RegistrationTest- .........Validating Expected Message.......
2024-10-06 13:55:56,871(HH:mm:ss.SSS} [main] INFO  testCases.TC_001_RegistrationTest- .........Finished TC_001.......
